info it worked if it ends with ok
verbose cli [ 'node',
verbose cli   '/Users/csharp/local/bin/npm',
verbose cli   'install',
verbose cli   'splunk-sdk-javascript' ]
info using npm@1.1.0-3
info using node@v0.6.10
verbose config file /Users/csharp/.npmrc
verbose config file /Users/csharp/local/etc/npmrc
verbose config file /Users/csharp/local/lib/node_modules/npm/npmrc
WARN ain-tcp@0.0.6 dependencies field should be hash of <name>:<version-range> pairs
WARN ain-tcp@0.0.6 package.json: bugs['web'] should probably be bugs['url']
verbose caching /Users/csharp/local/projects/splunkbot/node_modules/ain-tcp/package.json
verbose loadDefaults ain-tcp@0.0.6
verbose caching /Users/csharp/local/projects/splunkbot/node_modules/config/package.json
verbose loadDefaults config@0.4.10
verbose caching /Users/csharp/local/projects/splunkbot/node_modules/irc/package.json
verbose loadDefaults irc@0.3.3
verbose cache add [ 'splunk-sdk-javascript', null ]
silly cache add: name, spec, args [ undefined,
silly cache add: name, spec, args   'splunk-sdk-javascript',
silly cache add: name, spec, args   [ 'splunk-sdk-javascript', null ] ]
verbose parsed url { pathname: 'splunk-sdk-javascript',
verbose parsed url   path: 'splunk-sdk-javascript',
verbose parsed url   href: 'splunk-sdk-javascript' }
verbose addNamed [ 'splunk-sdk-javascript', '' ]
verbose addNamed [ null, '' ]
silly name, range, hasData [ 'splunk-sdk-javascript', '', false ]
verbose raw, before any munging splunk-sdk-javascript
verbose url resolving [ 'https://registry.npmjs.org/', './splunk-sdk-javascript' ]
verbose url resolved https://registry.npmjs.org/splunk-sdk-javascript
http GET https://registry.npmjs.org/splunk-sdk-javascript
http 404 https://registry.npmjs.org/splunk-sdk-javascript
silly get cb [ 404,
silly get cb   { server: 'CouchDB/1.1.0 (Erlang OTP/R14B04)',
silly get cb     date: 'Sat, 18 Feb 2012 04:53:56 GMT',
silly get cb     'content-type': 'application/json',
silly get cb     'content-length': '52',
silly get cb     'cache-control': 'must-revalidate' } ]
ERR! 404 'splunk-sdk-javascript' is not in the npm registry.
ERR! 404 You should bug the author to publish it
ERR! 404 Note that you can also install from a
ERR! 404 tarball, folder, or http url, or git url.
ERR! 
ERR! System Darwin 11.2.0
ERR! command "node" "/Users/csharp/local/bin/npm" "install" "splunk-sdk-javascript"
ERR! cwd /Users/csharp/local/projects/splunkbot
ERR! node -v v0.6.10
ERR! npm -v 1.1.0-3
ERR! code E404
ERR! message 404 Not Found: splunk-sdk-javascript
ERR! errno {}
verbose exit [ 1, true ]
